d:\vs\vs项目\breakcout\x64\debug\vc143.pdb
d:\vs\vs项目\breakcout\x64\debug\vc143.idb
d:\vs\vs项目\breakcout\x64\debug\texture.obj
d:\vs\vs项目\breakcout\x64\debug\stb_image.obj
d:\vs\vs项目\breakcout\x64\debug\shader.obj
d:\vs\vs项目\breakcout\x64\debug\resource_manager.obj
d:\vs\vs项目\breakcout\x64\debug\main.obj
d:\vs\vs项目\breakcout\x64\debug\game.obj
d:\vs\vs项目\breakcout\x64\debug\glad.obj
d:\vs\vs项目\breakcout\x64\debug\glm.obj
d:\vs\vs项目\breakcout\x64\debug\dummy.obj
d:\vs\vs项目\breakcout\x64\debug\spriterenderer.obj
d:\vs\vs项目\breakcout\x64\debug\debug.obj
d:\vs\vs项目\breakcout\x64\debug\object.obj
d:\vs\vs项目\breakcout\x64\debug\level.obj
d:\vs\vs项目\breakcout\x64\debug\breakcout.exe
d:\vs\vs项目\breakcout\x64\debug\breakcout.ilk
d:\vs\vs项目\breakcout\x64\debug\breakcout.pdb
d:\vs\vs项目\breakcout\x64\debug\breakcout.tlog\cl.command.1.tlog
d:\vs\vs项目\breakcout\x64\debug\breakcout.tlog\cl.read.1.tlog
d:\vs\vs项目\breakcout\x64\debug\breakcout.tlog\cl.write.1.tlog
d:\vs\vs项目\breakcout\x64\debug\breakcout.tlog\fxc.command.1.tlog
d:\vs\vs项目\breakcout\x64\debug\breakcout.tlog\fxc.read.1.tlog
d:\vs\vs项目\breakcout\x64\debug\breakcout.tlog\link.command.1.tlog
d:\vs\vs项目\breakcout\x64\debug\breakcout.tlog\link.read.1.tlog
d:\vs\vs项目\breakcout\x64\debug\breakcout.tlog\link.write.1.tlog
